  Bonuses.cpp
D:\2 kypce\Arkanoid\Constants.h(4,18): warning C4305: 'initializing': truncation from 'double' to 'float'
  (compiling source file 'Bonuses.cpp')
  
D:\2 kypce\Arkanoid\Bonuses.cpp(9,45): warning C4244: 'argument': conversion from 'int' to 'T', possible loss of data
D:\2 kypce\Arkanoid\Bonuses.cpp(9,45): warning C4244:         with
D:\2 kypce\Arkanoid\Bonuses.cpp(9,45): warning C4244:         [
D:\2 kypce\Arkanoid\Bonuses.cpp(9,45): warning C4244:             T=float
D:\2 kypce\Arkanoid\Bonuses.cpp(9,45): warning C4244:         ]
D:\2 kypce\Arkanoid\Bonuses.cpp(9,38): warning C4244: 'argument': conversion from 'int' to 'T', possible loss of data
D:\2 kypce\Arkanoid\Bonuses.cpp(9,38): warning C4244:         with
D:\2 kypce\Arkanoid\Bonuses.cpp(9,38): warning C4244:         [
D:\2 kypce\Arkanoid\Bonuses.cpp(9,38): warning C4244:             T=float
D:\2 kypce\Arkanoid\Bonuses.cpp(9,38): warning C4244:         ]
  Game.cpp
D:\2 kypce\Arkanoid\Constants.h(4,18): warning C4305: 'initializing': truncation from 'double' to 'float'
  (compiling source file 'Game.cpp')
  
D:\2 kypce\Arkanoid\Game.cpp(23,45): warning C4244: 'argument': conversion from 'int' to 'T', possible loss of data
D:\2 kypce\Arkanoid\Game.cpp(23,45): warning C4244:         with
D:\2 kypce\Arkanoid\Game.cpp(23,45): warning C4244:         [
D:\2 kypce\Arkanoid\Game.cpp(23,45): warning C4244:             T=float
D:\2 kypce\Arkanoid\Game.cpp(23,45): warning C4244:         ]
D:\2 kypce\Arkanoid\Game.cpp(23,38): warning C4244: 'argument': conversion from 'int' to 'T', possible loss of data
D:\2 kypce\Arkanoid\Game.cpp(23,38): warning C4244:         with
D:\2 kypce\Arkanoid\Game.cpp(23,38): warning C4244:         [
D:\2 kypce\Arkanoid\Game.cpp(23,38): warning C4244:             T=float
D:\2 kypce\Arkanoid\Game.cpp(23,38): warning C4244:         ]
D:\2 kypce\Arkanoid\Game.cpp(54,27): warning C4305: 'argument': truncation from 'double' to 'float'
  main.cpp
D:\2 kypce\Arkanoid\Constants.h(4,18): warning C4305: 'initializing': truncation from 'double' to 'float'
  (compiling source file 'main.cpp')
  
D:\2 kypce\Arkanoid\main.cpp(4,15): warning C4244: 'argument': conversion from 'time_t' to 'unsigned int', possible loss of data
  Generating Code...
  Arkanoid.vcxproj -> D:\2 kypce\Arkanoid\x64\Debug\Arkanoid.exe
